2019-08-23 10:30:49 [restartedMain] WARN  tk.mybatis.spring.mapper.ClassPathMapperScanner -No MyBatis mapper was found in '[com.txy.omall]' package. Please check your configuration.
2019-08-23 10:30:51 [restartedMain] WARN  org.springframework.boot.web.servlet.context.AnnotationConfigServletWebServerApplicationContext -Exception encountered during context initialization - cancelling refresh attempt: org.springframework.beans.factory.UnsatisfiedDependencyException: Error creating bean with name 'dataTransferController': Unsatisfied dependency expressed through field 'steelService'; nested exception is org.springframework.beans.factory.UnsatisfiedDependencyException: Error creating bean with name 'steelDataImpl': Unsatisfied dependency expressed through field 'steelMapper'; nested exception is org.springframework.beans.factory.NoSuchBeanDefinitionException: No qualifying bean of type 'com.txy.omall.dao.SteelMapper' available: expected at least 1 bean which qualifies as autowire candidate. Dependency annotations: {@org.springframework.beans.factory.annotation.Autowired(required=true)}
2019-08-23 10:33:12 [restartedMain] WARN  tk.mybatis.spring.mapper.ClassPathMapperScanner -No MyBatis mapper was found in '[com.txy.omall]' package. Please check your configuration.
2019-08-23 10:33:13 [restartedMain] WARN  org.springframework.boot.web.servlet.context.AnnotationConfigServletWebServerApplicationContext -Exception encountered during context initialization - cancelling refresh attempt: org.springframework.beans.factory.UnsatisfiedDependencyException: Error creating bean with name 'dataTransferController': Unsatisfied dependency expressed through field 'steelService'; nested exception is org.springframework.beans.factory.UnsatisfiedDependencyException: Error creating bean with name 'steelDataImpl': Unsatisfied dependency expressed through field 'steelMapper'; nested exception is org.springframework.beans.factory.NoSuchBeanDefinitionException: No qualifying bean of type 'com.txy.omall.dao.SteelMapper' available: expected at least 1 bean which qualifies as autowire candidate. Dependency annotations: {@org.springframework.beans.factory.annotation.Autowired(required=true)}
2019-08-23 10:36:31 [restartedMain] WARN  tk.mybatis.spring.mapper.ClassPathMapperScanner -No MyBatis mapper was found in '[com.txy.omall]' package. Please check your configuration.
2019-08-23 10:36:33 [restartedMain] WARN  org.springframework.boot.web.servlet.context.AnnotationConfigServletWebServerApplicationContext -Exception encountered during context initialization - cancelling refresh attempt: org.springframework.beans.factory.UnsatisfiedDependencyException: Error creating bean with name 'dataTransferController': Unsatisfied dependency expressed through field 'steelService'; nested exception is org.springframework.beans.factory.UnsatisfiedDependencyException: Error creating bean with name 'steelDataImpl': Unsatisfied dependency expressed through field 'steelMapper'; nested exception is org.springframework.beans.factory.NoSuchBeanDefinitionException: No qualifying bean of type 'com.txy.omall.dao.SteelMapper' available: expected at least 1 bean which qualifies as autowire candidate. Dependency annotations: {@org.springframework.beans.factory.annotation.Autowired(required=true)}
2019-08-23 10:38:00 [restartedMain] WARN  tk.mybatis.spring.mapper.ClassPathMapperScanner -No MyBatis mapper was found in '[com.txy.omall]' package. Please check your configuration.
2019-08-23 10:38:01 [restartedMain] WARN  org.springframework.boot.web.servlet.context.AnnotationConfigServletWebServerApplicationContext -Exception encountered during context initialization - cancelling refresh attempt: org.springframework.beans.factory.UnsatisfiedDependencyException: Error creating bean with name 'dataTransferController': Unsatisfied dependency expressed through field 'steelService'; nested exception is org.springframework.beans.factory.UnsatisfiedDependencyException: Error creating bean with name 'steelDataImpl': Unsatisfied dependency expressed through field 'steelMapper'; nested exception is org.springframework.beans.factory.NoSuchBeanDefinitionException: No qualifying bean of type 'com.txy.omall.dao.SteelMapper' available: expected at least 1 bean which qualifies as autowire candidate. Dependency annotations: {@org.springframework.beans.factory.annotation.Autowired(required=true)}
2019-08-23 10:43:18 [restartedMain] WARN  tk.mybatis.spring.mapper.ClassPathMapperScanner -No MyBatis mapper was found in '[com.txy.omall]' package. Please check your configuration.
2019-08-23 10:43:19 [restartedMain] WARN  org.springframework.boot.web.servlet.context.AnnotationConfigServletWebServerApplicationContext -Exception encountered during context initialization - cancelling refresh attempt: org.springframework.beans.factory.UnsatisfiedDependencyException: Error creating bean with name 'dataTransferController': Unsatisfied dependency expressed through field 'steelService'; nested exception is org.springframework.beans.factory.UnsatisfiedDependencyException: Error creating bean with name 'steelDataImpl': Unsatisfied dependency expressed through field 'steelMapper'; nested exception is org.springframework.beans.factory.NoSuchBeanDefinitionException: No qualifying bean of type 'com.txy.omall.dao.SteelMapper' available: expected at least 1 bean which qualifies as autowire candidate. Dependency annotations: {@org.springframework.beans.factory.annotation.Autowired(required=true)}
2019-08-23 10:45:48 [restartedMain] WARN  tk.mybatis.spring.mapper.ClassPathMapperScanner -No MyBatis mapper was found in '[com.txy.omall]' package. Please check your configuration.
2019-08-23 10:45:51 [restartedMain] WARN  org.thymeleaf.templatemode.TemplateMode -[THYMELEAF][restartedMain] Template Mode 'LEGACYHTML5' is deprecated. Using Template Mode 'HTML' instead.
2019-08-23 11:10:28 [restartedMain] WARN  tk.mybatis.spring.mapper.ClassPathMapperScanner -No MyBatis mapper was found in '[com.txy.omall]' package. Please check your configuration.
2019-08-23 11:10:29 [restartedMain] WARN  org.springframework.boot.web.servlet.context.AnnotationConfigServletWebServerApplicationContext -Exception encountered during context initialization - cancelling refresh attempt: org.springframework.beans.factory.UnsatisfiedDependencyException: Error creating bean with name 'loginController': Unsatisfied dependency expressed through field 'UserService'; nested exception is org.springframework.beans.factory.NoSuchBeanDefinitionException: No qualifying bean of type 'com.txy.omall.service.IUser' available: expected at least 1 bean which qualifies as autowire candidate. Dependency annotations: {@org.springframework.beans.factory.annotation.Autowired(required=true)}
2019-08-23 11:13:09 [restartedMain] WARN  tk.mybatis.spring.mapper.ClassPathMapperScanner -No MyBatis mapper was found in '[com.txy.omall]' package. Please check your configuration.
2019-08-23 11:13:10 [restartedMain] WARN  org.springframework.boot.web.servlet.context.AnnotationConfigServletWebServerApplicationContext -Exception encountered during context initialization - cancelling refresh attempt: org.springframework.beans.factory.UnsatisfiedDependencyException: Error creating bean with name 'loginController': Unsatisfied dependency expressed through field 'UserService'; nested exception is org.springframework.beans.factory.NoSuchBeanDefinitionException: No qualifying bean of type 'com.txy.omall.service.IUser' available: expected at least 1 bean which qualifies as autowire candidate. Dependency annotations: {@org.springframework.beans.factory.annotation.Autowired(required=true)}
2019-08-23 11:14:40 [restartedMain] WARN  tk.mybatis.spring.mapper.ClassPathMapperScanner -No MyBatis mapper was found in '[com.txy.omall]' package. Please check your configuration.
2019-08-23 11:14:41 [restartedMain] WARN  org.springframework.boot.web.servlet.context.AnnotationConfigServletWebServerApplicationContext -Exception encountered during context initialization - cancelling refresh attempt: org.springframework.beans.factory.UnsatisfiedDependencyException: Error creating bean with name 'loginController': Unsatisfied dependency expressed through field 'UserService'; nested exception is org.springframework.beans.factory.NoSuchBeanDefinitionException: No qualifying bean of type 'com.txy.omall.service.IUser' available: expected at least 1 bean which qualifies as autowire candidate. Dependency annotations: {@org.springframework.beans.factory.annotation.Autowired(required=true)}
2019-08-23 11:15:41 [restartedMain] WARN  tk.mybatis.spring.mapper.ClassPathMapperScanner -Skipping MapperFactoryBean with name 'userMapper' and 'com.txy.omall.dao.UserMapper' mapperInterface. Bean already defined with the same name!
2019-08-23 11:15:41 [restartedMain] WARN  tk.mybatis.spring.mapper.ClassPathMapperScanner -No MyBatis mapper was found in '[com.txy.omall]' package. Please check your configuration.
2019-08-23 11:15:42 [restartedMain] WARN  org.springframework.boot.web.servlet.context.AnnotationConfigServletWebServerApplicationContext -Exception encountered during context initialization - cancelling refresh attempt: org.springframework.beans.factory.UnsatisfiedDependencyException: Error creating bean with name 'loginController': Unsatisfied dependency expressed through field 'UserService'; nested exception is org.springframework.beans.factory.NoSuchBeanDefinitionException: No qualifying bean of type 'com.txy.omall.service.IUser' available: expected at least 1 bean which qualifies as autowire candidate. Dependency annotations: {@org.springframework.beans.factory.annotation.Autowired(required=true)}
2019-08-23 11:17:47 [restartedMain] WARN  tk.mybatis.spring.mapper.ClassPathMapperScanner -No MyBatis mapper was found in '[com.txy.omall]' package. Please check your configuration.
2019-08-23 11:17:49 [restartedMain] WARN  org.thymeleaf.templatemode.TemplateMode -[THYMELEAF][restartedMain] Template Mode 'LEGACYHTML5' is deprecated. Using Template Mode 'HTML' instead.
2019-08-23 11:34:49 [restartedMain] WARN  tk.mybatis.spring.mapper.ClassPathMapperScanner -No MyBatis mapper was found in '[com.txy.omall]' package. Please check your configuration.
2019-08-23 11:34:52 [restartedMain] WARN  org.thymeleaf.templatemode.TemplateMode -[THYMELEAF][restartedMain] Template Mode 'LEGACYHTML5' is deprecated. Using Template Mode 'HTML' instead.
2019-08-23 11:43:11 [restartedMain] WARN  tk.mybatis.spring.mapper.ClassPathMapperScanner -No MyBatis mapper was found in '[com.txy.omall]' package. Please check your configuration.
2019-08-23 11:43:13 [restartedMain] WARN  org.thymeleaf.templatemode.TemplateMode -[THYMELEAF][restartedMain] Template Mode 'LEGACYHTML5' is deprecated. Using Template Mode 'HTML' instead.
2019-08-23 11:47:50 [restartedMain] WARN  tk.mybatis.spring.mapper.ClassPathMapperScanner -No MyBatis mapper was found in '[com.txy.omall]' package. Please check your configuration.
2019-08-23 11:47:52 [restartedMain] WARN  org.thymeleaf.templatemode.TemplateMode -[THYMELEAF][restartedMain] Template Mode 'LEGACYHTML5' is deprecated. Using Template Mode 'HTML' instead.
2019-08-23 11:49:50 [restartedMain] WARN  tk.mybatis.spring.mapper.ClassPathMapperScanner -No MyBatis mapper was found in '[com.txy.omall]' package. Please check your configuration.
2019-08-23 11:49:53 [restartedMain] WARN  org.thymeleaf.templatemode.TemplateMode -[THYMELEAF][restartedMain] Template Mode 'LEGACYHTML5' is deprecated. Using Template Mode 'HTML' instead.
2019-08-23 11:57:02 [restartedMain] WARN  tk.mybatis.spring.mapper.ClassPathMapperScanner -No MyBatis mapper was found in '[com.txy.omall]' package. Please check your configuration.
2019-08-23 11:57:04 [restartedMain] WARN  org.thymeleaf.templatemode.TemplateMode -[THYMELEAF][restartedMain] Template Mode 'LEGACYHTML5' is deprecated. Using Template Mode 'HTML' instead.
2019-08-23 13:42:57 [restartedMain] WARN  tk.mybatis.spring.mapper.ClassPathMapperScanner -No MyBatis mapper was found in '[com.txy.omall]' package. Please check your configuration.
2019-08-23 13:43:01 [restartedMain] WARN  org.thymeleaf.templatemode.TemplateMode -[THYMELEAF][restartedMain] Template Mode 'LEGACYHTML5' is deprecated. Using Template Mode 'HTML' instead.
2019-08-23 13:51:23 [restartedMain] WARN  tk.mybatis.spring.mapper.ClassPathMapperScanner -No MyBatis mapper was found in '[com.txy.omall]' package. Please check your configuration.
2019-08-23 13:51:25 [restartedMain] WARN  org.thymeleaf.templatemode.TemplateMode -[THYMELEAF][restartedMain] Template Mode 'LEGACYHTML5' is deprecated. Using Template Mode 'HTML' instead.
2019-08-23 14:02:25 [restartedMain] WARN  tk.mybatis.spring.mapper.ClassPathMapperScanner -No MyBatis mapper was found in '[com.txy.omall]' package. Please check your configuration.
2019-08-23 14:02:27 [restartedMain] WARN  org.thymeleaf.templatemode.TemplateMode -[THYMELEAF][restartedMain] Template Mode 'LEGACYHTML5' is deprecated. Using Template Mode 'HTML' instead.
2019-08-23 14:11:15 [restartedMain] WARN  tk.mybatis.spring.mapper.ClassPathMapperScanner -No MyBatis mapper was found in '[com.txy.omall]' package. Please check your configuration.
2019-08-23 14:11:17 [restartedMain] WARN  org.thymeleaf.templatemode.TemplateMode -[THYMELEAF][restartedMain] Template Mode 'LEGACYHTML5' is deprecated. Using Template Mode 'HTML' instead.
2019-08-23 14:19:15 [restartedMain] WARN  tk.mybatis.spring.mapper.ClassPathMapperScanner -No MyBatis mapper was found in '[com.txy.omall]' package. Please check your configuration.
2019-08-23 14:19:16 [restartedMain] WARN  org.thymeleaf.templatemode.TemplateMode -[THYMELEAF][restartedMain] Template Mode 'LEGACYHTML5' is deprecated. Using Template Mode 'HTML' instead.
2019-08-23 14:23:05 [restartedMain] WARN  tk.mybatis.spring.mapper.ClassPathMapperScanner -No MyBatis mapper was found in '[com.txy.omall]' package. Please check your configuration.
2019-08-23 14:23:07 [restartedMain] WARN  org.thymeleaf.templatemode.TemplateMode -[THYMELEAF][restartedMain] Template Mode 'LEGACYHTML5' is deprecated. Using Template Mode 'HTML' instead.
2019-08-23 14:24:05 [http-nio-8080-exec-4] WARN  org.springframework.web.servlet.mvc.support.DefaultHandlerExceptionResolver -Resolved [org.springframework.web.HttpRequestMethodNotSupportedException: Request method 'POST' not supported]
2019-08-23 14:24:15 [http-nio-8080-exec-4] WARN  org.springframework.web.servlet.mvc.support.DefaultHandlerExceptionResolver -Resolved [org.springframework.web.HttpRequestMethodNotSupportedException: Request method 'POST' not supported]
2019-08-23 14:24:31 [http-nio-8080-exec-6] WARN  org.springframework.web.servlet.mvc.support.DefaultHandlerExceptionResolver -Resolved [org.springframework.web.HttpRequestMethodNotSupportedException: Request method 'POST' not supported]
2019-08-23 14:25:30 [http-nio-8080-exec-6] WARN  org.springframework.web.servlet.mvc.support.DefaultHandlerExceptionResolver -Resolved [org.springframework.web.HttpRequestMethodNotSupportedException: Request method 'POST' not supported]
2019-08-23 14:31:33 [restartedMain] WARN  tk.mybatis.spring.mapper.ClassPathMapperScanner -No MyBatis mapper was found in '[com.txy.omall]' package. Please check your configuration.
2019-08-23 14:31:35 [restartedMain] WARN  org.thymeleaf.templatemode.TemplateMode -[THYMELEAF][restartedMain] Template Mode 'LEGACYHTML5' is deprecated. Using Template Mode 'HTML' instead.
2019-08-23 14:39:52 [http-nio-8080-exec-4] WARN  org.springframework.web.servlet.mvc.support.DefaultHandlerExceptionResolver -Resolved [org.springframework.web.HttpRequestMethodNotSupportedException: Request method 'POST' not supported]
2019-08-23 14:39:55 [http-nio-8080-exec-2] WARN  org.springframework.web.servlet.mvc.support.DefaultHandlerExceptionResolver -Resolved [org.springframework.web.HttpRequestMethodNotSupportedException: Request method 'POST' not supported]
2019-08-23 14:56:44 [restartedMain] WARN  tk.mybatis.spring.mapper.ClassPathMapperScanner -No MyBatis mapper was found in '[com.txy.omall]' package. Please check your configuration.
2019-08-23 14:56:47 [restartedMain] WARN  org.thymeleaf.templatemode.TemplateMode -[THYMELEAF][restartedMain] Template Mode 'LEGACYHTML5' is deprecated. Using Template Mode 'HTML' instead.
2019-08-23 14:57:49 [restartedMain] WARN  tk.mybatis.spring.mapper.ClassPathMapperScanner -No MyBatis mapper was found in '[com.txy.omall]' package. Please check your configuration.
2019-08-23 14:57:50 [restartedMain] WARN  org.thymeleaf.templatemode.TemplateMode -[THYMELEAF][restartedMain] Template Mode 'LEGACYHTML5' is deprecated. Using Template Mode 'HTML' instead.
2019-08-23 14:58:45 [restartedMain] WARN  tk.mybatis.spring.mapper.ClassPathMapperScanner -No MyBatis mapper was found in '[com.txy.omall]' package. Please check your configuration.
2019-08-23 14:58:46 [restartedMain] WARN  org.thymeleaf.templatemode.TemplateMode -[THYMELEAF][restartedMain] Template Mode 'LEGACYHTML5' is deprecated. Using Template Mode 'HTML' instead.
2019-08-23 15:02:04 [restartedMain] WARN  tk.mybatis.spring.mapper.ClassPathMapperScanner -No MyBatis mapper was found in '[com.txy.omall]' package. Please check your configuration.
2019-08-23 15:02:05 [restartedMain] WARN  org.thymeleaf.templatemode.TemplateMode -[THYMELEAF][restartedMain] Template Mode 'LEGACYHTML5' is deprecated. Using Template Mode 'HTML' instead.
2019-08-23 16:40:27 [restartedMain] WARN  tk.mybatis.spring.mapper.ClassPathMapperScanner -No MyBatis mapper was found in '[com.txy.omall]' package. Please check your configuration.
2019-08-23 16:40:30 [restartedMain] WARN  org.thymeleaf.templatemode.TemplateMode -[THYMELEAF][restartedMain] Template Mode 'LEGACYHTML5' is deprecated. Using Template Mode 'HTML' instead.
2019-08-23 16:44:29 [restartedMain] WARN  tk.mybatis.spring.mapper.ClassPathMapperScanner -No MyBatis mapper was found in '[com.txy.omall]' package. Please check your configuration.
2019-08-23 16:44:31 [restartedMain] WARN  org.thymeleaf.templatemode.TemplateMode -[THYMELEAF][restartedMain] Template Mode 'LEGACYHTML5' is deprecated. Using Template Mode 'HTML' instead.
2019-08-23 16:48:47 [restartedMain] WARN  tk.mybatis.spring.mapper.ClassPathMapperScanner -No MyBatis mapper was found in '[com.txy.omall]' package. Please check your configuration.
2019-08-23 16:48:50 [restartedMain] WARN  org.thymeleaf.templatemode.TemplateMode -[THYMELEAF][restartedMain] Template Mode 'LEGACYHTML5' is deprecated. Using Template Mode 'HTML' instead.
2019-08-23 16:51:21 [restartedMain] WARN  tk.mybatis.spring.mapper.ClassPathMapperScanner -No MyBatis mapper was found in '[com.txy.omall]' package. Please check your configuration.
2019-08-23 16:51:23 [restartedMain] WARN  org.thymeleaf.templatemode.TemplateMode -[THYMELEAF][restartedMain] Template Mode 'LEGACYHTML5' is deprecated. Using Template Mode 'HTML' instead.
