2019-08-26 08:12:33 [restartedMain] WARN  tk.mybatis.spring.mapper.ClassPathMapperScanner -No MyBatis mapper was found in '[com.txy.omall]' package. Please check your configuration.
2019-08-26 08:12:38 [restartedMain] WARN  org.thymeleaf.templatemode.TemplateMode -[THYMELEAF][restartedMain] Template Mode 'LEGACYHTML5' is deprecated. Using Template Mode 'HTML' instead.
2019-08-26 08:25:33 [restartedMain] WARN  tk.mybatis.spring.mapper.ClassPathMapperScanner -No MyBatis mapper was found in '[com.txy.omall]' package. Please check your configuration.
2019-08-26 08:25:35 [restartedMain] WARN  org.thymeleaf.templatemode.TemplateMode -[THYMELEAF][restartedMain] Template Mode 'LEGACYHTML5' is deprecated. Using Template Mode 'HTML' instead.
2019-08-26 08:30:50 [restartedMain] WARN  tk.mybatis.spring.mapper.ClassPathMapperScanner -No MyBatis mapper was found in '[com.txy.omall]' package. Please check your configuration.
2019-08-26 08:30:51 [restartedMain] WARN  org.thymeleaf.templatemode.TemplateMode -[THYMELEAF][restartedMain] Template Mode 'LEGACYHTML5' is deprecated. Using Template Mode 'HTML' instead.
2019-08-26 08:31:39 [restartedMain] WARN  tk.mybatis.spring.mapper.ClassPathMapperScanner -No MyBatis mapper was found in '[com.txy.omall]' package. Please check your configuration.
2019-08-26 08:31:40 [restartedMain] WARN  org.thymeleaf.templatemode.TemplateMode -[THYMELEAF][restartedMain] Template Mode 'LEGACYHTML5' is deprecated. Using Template Mode 'HTML' instead.
2019-08-26 08:32:29 [restartedMain] WARN  tk.mybatis.spring.mapper.ClassPathMapperScanner -No MyBatis mapper was found in '[com.txy.omall]' package. Please check your configuration.
2019-08-26 08:32:30 [restartedMain] WARN  org.thymeleaf.templatemode.TemplateMode -[THYMELEAF][restartedMain] Template Mode 'LEGACYHTML5' is deprecated. Using Template Mode 'HTML' instead.
2019-08-26 08:34:24 [restartedMain] WARN  tk.mybatis.spring.mapper.ClassPathMapperScanner -No MyBatis mapper was found in '[com.txy.omall]' package. Please check your configuration.
2019-08-26 08:34:24 [restartedMain] WARN  org.thymeleaf.templatemode.TemplateMode -[THYMELEAF][restartedMain] Template Mode 'LEGACYHTML5' is deprecated. Using Template Mode 'HTML' instead.
2019-08-26 08:40:21 [restartedMain] WARN  tk.mybatis.spring.mapper.ClassPathMapperScanner -No MyBatis mapper was found in '[com.txy.omall]' package. Please check your configuration.
2019-08-26 08:40:22 [restartedMain] WARN  org.thymeleaf.templatemode.TemplateMode -[THYMELEAF][restartedMain] Template Mode 'LEGACYHTML5' is deprecated. Using Template Mode 'HTML' instead.
2019-08-26 09:14:26 [restartedMain] WARN  tk.mybatis.spring.mapper.ClassPathMapperScanner -No MyBatis mapper was found in '[com.txy.omall]' package. Please check your configuration.
2019-08-26 09:14:30 [restartedMain] WARN  org.thymeleaf.templatemode.TemplateMode -[THYMELEAF][restartedMain] Template Mode 'LEGACYHTML5' is deprecated. Using Template Mode 'HTML' instead.
2019-08-26 09:18:53 [restartedMain] WARN  tk.mybatis.spring.mapper.ClassPathMapperScanner -No MyBatis mapper was found in '[com.txy.omall]' package. Please check your configuration.
2019-08-26 09:18:55 [restartedMain] WARN  org.thymeleaf.templatemode.TemplateMode -[THYMELEAF][restartedMain] Template Mode 'LEGACYHTML5' is deprecated. Using Template Mode 'HTML' instead.
2019-08-26 09:21:26 [restartedMain] WARN  tk.mybatis.spring.mapper.ClassPathMapperScanner -No MyBatis mapper was found in '[com.txy.omall]' package. Please check your configuration.
2019-08-26 09:21:27 [restartedMain] WARN  org.thymeleaf.templatemode.TemplateMode -[THYMELEAF][restartedMain] Template Mode 'LEGACYHTML5' is deprecated. Using Template Mode 'HTML' instead.
2019-08-26 09:24:42 [restartedMain] WARN  tk.mybatis.spring.mapper.ClassPathMapperScanner -No MyBatis mapper was found in '[com.txy.omall]' package. Please check your configuration.
2019-08-26 09:24:43 [restartedMain] WARN  org.thymeleaf.templatemode.TemplateMode -[THYMELEAF][restartedMain] Template Mode 'LEGACYHTML5' is deprecated. Using Template Mode 'HTML' instead.
2019-08-26 09:26:11 [restartedMain] WARN  tk.mybatis.spring.mapper.ClassPathMapperScanner -No MyBatis mapper was found in '[com.txy.omall]' package. Please check your configuration.
2019-08-26 09:26:13 [restartedMain] WARN  org.thymeleaf.templatemode.TemplateMode -[THYMELEAF][restartedMain] Template Mode 'LEGACYHTML5' is deprecated. Using Template Mode 'HTML' instead.
2019-08-26 10:34:04 [restartedMain] WARN  tk.mybatis.spring.mapper.ClassPathMapperScanner -No MyBatis mapper was found in '[com.txy.omall]' package. Please check your configuration.
2019-08-26 10:34:05 [restartedMain] WARN  org.thymeleaf.templatemode.TemplateMode -[THYMELEAF][restartedMain] Template Mode 'LEGACYHTML5' is deprecated. Using Template Mode 'HTML' instead.
2019-08-26 10:34:14 [restartedMain] WARN  tk.mybatis.spring.mapper.ClassPathMapperScanner -No MyBatis mapper was found in '[com.txy.omall]' package. Please check your configuration.
2019-08-26 10:34:16 [restartedMain] WARN  org.thymeleaf.templatemode.TemplateMode -[THYMELEAF][restartedMain] Template Mode 'LEGACYHTML5' is deprecated. Using Template Mode 'HTML' instead.
2019-08-26 10:58:30 [restartedMain] WARN  tk.mybatis.spring.mapper.ClassPathMapperScanner -No MyBatis mapper was found in '[com.txy.omall]' package. Please check your configuration.
2019-08-26 10:58:31 [restartedMain] WARN  org.thymeleaf.templatemode.TemplateMode -[THYMELEAF][restartedMain] Template Mode 'LEGACYHTML5' is deprecated. Using Template Mode 'HTML' instead.
2019-08-26 10:58:46 [restartedMain] WARN  tk.mybatis.spring.mapper.ClassPathMapperScanner -No MyBatis mapper was found in '[com.txy.omall]' package. Please check your configuration.
2019-08-26 10:58:47 [restartedMain] WARN  org.thymeleaf.templatemode.TemplateMode -[THYMELEAF][restartedMain] Template Mode 'LEGACYHTML5' is deprecated. Using Template Mode 'HTML' instead.
2019-08-26 11:16:27 [restartedMain] WARN  tk.mybatis.spring.mapper.ClassPathMapperScanner -No MyBatis mapper was found in '[com.txy.omall]' package. Please check your configuration.
2019-08-26 11:16:30 [restartedMain] WARN  org.thymeleaf.templatemode.TemplateMode -[THYMELEAF][restartedMain] Template Mode 'LEGACYHTML5' is deprecated. Using Template Mode 'HTML' instead.
2019-08-26 11:43:05 [restartedMain] WARN  tk.mybatis.spring.mapper.ClassPathMapperScanner -No MyBatis mapper was found in '[com.txy.omall]' package. Please check your configuration.
2019-08-26 11:43:07 [restartedMain] WARN  org.thymeleaf.templatemode.TemplateMode -[THYMELEAF][restartedMain] Template Mode 'LEGACYHTML5' is deprecated. Using Template Mode 'HTML' instead.
2019-08-26 11:46:35 [restartedMain] WARN  tk.mybatis.spring.mapper.ClassPathMapperScanner -No MyBatis mapper was found in '[com.txy.omall]' package. Please check your configuration.
2019-08-26 11:46:37 [restartedMain] WARN  org.thymeleaf.templatemode.TemplateMode -[THYMELEAF][restartedMain] Template Mode 'LEGACYHTML5' is deprecated. Using Template Mode 'HTML' instead.
2019-08-26 11:53:09 [restartedMain] WARN  tk.mybatis.spring.mapper.ClassPathMapperScanner -No MyBatis mapper was found in '[com.txy.omall]' package. Please check your configuration.
2019-08-26 11:53:14 [restartedMain] WARN  org.thymeleaf.templatemode.TemplateMode -[THYMELEAF][restartedMain] Template Mode 'LEGACYHTML5' is deprecated. Using Template Mode 'HTML' instead.
2019-08-26 13:20:30 [restartedMain] WARN  tk.mybatis.spring.mapper.ClassPathMapperScanner -No MyBatis mapper was found in '[com.txy.omall]' package. Please check your configuration.
2019-08-26 13:20:33 [restartedMain] WARN  org.thymeleaf.templatemode.TemplateMode -[THYMELEAF][restartedMain] Template Mode 'LEGACYHTML5' is deprecated. Using Template Mode 'HTML' instead.
2019-08-26 13:36:41 [restartedMain] WARN  tk.mybatis.spring.mapper.ClassPathMapperScanner -No MyBatis mapper was found in '[com.txy.omall]' package. Please check your configuration.
2019-08-26 13:36:44 [restartedMain] WARN  org.thymeleaf.templatemode.TemplateMode -[THYMELEAF][restartedMain] Template Mode 'LEGACYHTML5' is deprecated. Using Template Mode 'HTML' instead.
2019-08-26 13:41:17 [restartedMain] WARN  tk.mybatis.spring.mapper.ClassPathMapperScanner -No MyBatis mapper was found in '[com.txy.omall]' package. Please check your configuration.
2019-08-26 13:41:19 [restartedMain] WARN  org.thymeleaf.templatemode.TemplateMode -[THYMELEAF][restartedMain] Template Mode 'LEGACYHTML5' is deprecated. Using Template Mode 'HTML' instead.
2019-08-26 14:19:38 [restartedMain] WARN  tk.mybatis.spring.mapper.ClassPathMapperScanner -No MyBatis mapper was found in '[com.txy.omall]' package. Please check your configuration.
2019-08-26 14:19:38 [restartedMain] WARN  org.thymeleaf.templatemode.TemplateMode -[THYMELEAF][restartedMain] Template Mode 'LEGACYHTML5' is deprecated. Using Template Mode 'HTML' instead.
2019-08-26 14:23:26 [restartedMain] WARN  tk.mybatis.spring.mapper.ClassPathMapperScanner -No MyBatis mapper was found in '[com.txy.omall]' package. Please check your configuration.
2019-08-26 14:23:27 [restartedMain] WARN  org.thymeleaf.templatemode.TemplateMode -[THYMELEAF][restartedMain] Template Mode 'LEGACYHTML5' is deprecated. Using Template Mode 'HTML' instead.
2019-08-26 14:29:42 [restartedMain] WARN  tk.mybatis.spring.mapper.ClassPathMapperScanner -No MyBatis mapper was found in '[com.txy.omall]' package. Please check your configuration.
2019-08-26 14:29:43 [restartedMain] WARN  org.thymeleaf.templatemode.TemplateMode -[THYMELEAF][restartedMain] Template Mode 'LEGACYHTML5' is deprecated. Using Template Mode 'HTML' instead.
2019-08-26 14:32:44 [restartedMain] WARN  tk.mybatis.spring.mapper.ClassPathMapperScanner -No MyBatis mapper was found in '[com.txy.omall]' package. Please check your configuration.
2019-08-26 14:32:45 [restartedMain] WARN  org.springframework.boot.web.servlet.context.AnnotationConfigServletWebServerApplicationContext -Exception encountered during context initialization - cancelling refresh attempt: org.springframework.beans.factory.UnsatisfiedDependencyException: Error creating bean with name 'cartController': Unsatisfied dependency expressed through field 'cartService'; nested exception is org.springframework.beans.factory.NoSuchBeanDefinitionException: No qualifying bean of type 'com.txy.omall.service.ICart' available: expected at least 1 bean which qualifies as autowire candidate. Dependency annotations: {@org.springframework.beans.factory.annotation.Autowired(required=true)}
2019-08-26 14:36:22 [restartedMain] WARN  tk.mybatis.spring.mapper.ClassPathMapperScanner -No MyBatis mapper was found in '[com.txy.omall]' package. Please check your configuration.
2019-08-26 14:36:23 [restartedMain] WARN  org.springframework.boot.web.servlet.context.AnnotationConfigServletWebServerApplicationContext -Exception encountered during context initialization - cancelling refresh attempt: org.springframework.beans.factory.UnsatisfiedDependencyException: Error creating bean with name 'cartController': Unsatisfied dependency expressed through field 'cartService'; nested exception is org.springframework.beans.factory.NoSuchBeanDefinitionException: No qualifying bean of type 'com.txy.omall.service.ICart' available: expected at least 1 bean which qualifies as autowire candidate. Dependency annotations: {@org.springframework.beans.factory.annotation.Autowired(required=true)}
2019-08-26 14:36:58 [restartedMain] WARN  tk.mybatis.spring.mapper.ClassPathMapperScanner -No MyBatis mapper was found in '[com.txy.omall]' package. Please check your configuration.
2019-08-26 14:36:59 [restartedMain] WARN  org.thymeleaf.templatemode.TemplateMode -[THYMELEAF][restartedMain] Template Mode 'LEGACYHTML5' is deprecated. Using Template Mode 'HTML' instead.
2019-08-26 14:37:26 [restartedMain] WARN  tk.mybatis.spring.mapper.ClassPathMapperScanner -No MyBatis mapper was found in '[com.txy.omall]' package. Please check your configuration.
2019-08-26 14:37:27 [restartedMain] WARN  org.thymeleaf.templatemode.TemplateMode -[THYMELEAF][restartedMain] Template Mode 'LEGACYHTML5' is deprecated. Using Template Mode 'HTML' instead.
2019-08-26 14:39:01 [restartedMain] WARN  tk.mybatis.spring.mapper.ClassPathMapperScanner -No MyBatis mapper was found in '[com.txy.omall]' package. Please check your configuration.
2019-08-26 14:39:04 [restartedMain] WARN  org.thymeleaf.templatemode.TemplateMode -[THYMELEAF][restartedMain] Template Mode 'LEGACYHTML5' is deprecated. Using Template Mode 'HTML' instead.
2019-08-26 14:43:01 [restartedMain] WARN  tk.mybatis.spring.mapper.ClassPathMapperScanner -No MyBatis mapper was found in '[com.txy.omall]' package. Please check your configuration.
2019-08-26 14:43:02 [restartedMain] WARN  org.springframework.boot.web.servlet.context.AnnotationConfigServletWebServerApplicationContext -Exception encountered during context initialization - cancelling refresh attempt: org.springframework.beans.factory.UnsatisfiedDependencyException: Error creating bean with name 'loginController': Unsatisfied dependency expressed through field 'UserService'; nested exception is org.springframework.beans.factory.NoSuchBeanDefinitionException: No qualifying bean of type 'com.txy.omall.service.IUser' available: expected at least 1 bean which qualifies as autowire candidate. Dependency annotations: {@org.springframework.beans.factory.annotation.Autowired(required=true)}
2019-08-26 14:43:58 [restartedMain] WARN  tk.mybatis.spring.mapper.ClassPathMapperScanner -No MyBatis mapper was found in '[com.txy.omall]' package. Please check your configuration.
2019-08-26 14:43:59 [restartedMain] WARN  org.springframework.boot.web.servlet.context.AnnotationConfigServletWebServerApplicationContext -Exception encountered during context initialization - cancelling refresh attempt: org.springframework.beans.factory.UnsatisfiedDependencyException: Error creating bean with name 'loginController': Unsatisfied dependency expressed through field 'UserService'; nested exception is org.springframework.beans.factory.NoSuchBeanDefinitionException: No qualifying bean of type 'com.txy.omall.service.IUser' available: expected at least 1 bean which qualifies as autowire candidate. Dependency annotations: {@org.springframework.beans.factory.annotation.Autowired(required=true)}
2019-08-26 14:45:23 [restartedMain] WARN  tk.mybatis.spring.mapper.ClassPathMapperScanner -No MyBatis mapper was found in '[com.txy.omall]' package. Please check your configuration.
2019-08-26 14:45:25 [restartedMain] WARN  org.thymeleaf.templatemode.TemplateMode -[THYMELEAF][restartedMain] Template Mode 'LEGACYHTML5' is deprecated. Using Template Mode 'HTML' instead.
2019-08-26 14:46:02 [restartedMain] WARN  tk.mybatis.spring.mapper.ClassPathMapperScanner -No MyBatis mapper was found in '[com.txy.omall]' package. Please check your configuration.
2019-08-26 14:46:04 [restartedMain] WARN  org.thymeleaf.templatemode.TemplateMode -[THYMELEAF][restartedMain] Template Mode 'LEGACYHTML5' is deprecated. Using Template Mode 'HTML' instead.
2019-08-26 14:48:09 [restartedMain] WARN  tk.mybatis.spring.mapper.ClassPathMapperScanner -No MyBatis mapper was found in '[com.txy.omall]' package. Please check your configuration.
2019-08-26 14:48:10 [restartedMain] WARN  org.thymeleaf.templatemode.TemplateMode -[THYMELEAF][restartedMain] Template Mode 'LEGACYHTML5' is deprecated. Using Template Mode 'HTML' instead.
2019-08-26 14:49:50 [restartedMain] WARN  tk.mybatis.spring.mapper.ClassPathMapperScanner -No MyBatis mapper was found in '[com.txy.omall]' package. Please check your configuration.
2019-08-26 14:49:51 [restartedMain] WARN  org.springframework.boot.web.servlet.context.AnnotationConfigServletWebServerApplicationContext -Exception encountered during context initialization - cancelling refresh attempt: org.springframework.beans.factory.UnsatisfiedDependencyException: Error creating bean with name 'cartController': Unsatisfied dependency expressed through field 'cartService'; nested exception is org.springframework.beans.factory.BeanCreationException: Error creating bean with name 'cartImpl' defined in file [D:\zmall-workspace\omall\target\classes\com\txy\omall\serviceImpl\CartImpl.class]: Post-processing of merged bean definition failed; nested exception is java.lang.IllegalStateException: Failed to introspect Class [com.txy.omall.serviceImpl.CartImpl] from ClassLoader [org.springframework.boot.devtools.restart.classloader.RestartClassLoader@1a77a9c4]
2019-08-26 14:51:58 [restartedMain] WARN  tk.mybatis.spring.mapper.ClassPathMapperScanner -No MyBatis mapper was found in '[com.txy.omall]' package. Please check your configuration.
2019-08-26 14:51:59 [restartedMain] WARN  org.springframework.boot.web.servlet.context.AnnotationConfigServletWebServerApplicationContext -Exception encountered during context initialization - cancelling refresh attempt: org.springframework.beans.factory.UnsatisfiedDependencyException: Error creating bean with name 'goodsController': Unsatisfied dependency expressed through field 'goodsService'; nested exception is org.springframework.beans.factory.UnsatisfiedDependencyException: Error creating bean with name 'goodsImpl': Unsatisfied dependency expressed through field 'goodsMapper'; nested exception is org.springframework.beans.factory.UnsatisfiedDependencyException: Error creating bean with name 'goodsMapper' defined in file [D:\zmall-workspace\omall\target\classes\com\txy\omall\dao\GoodsMapper.class]: Unsatisfied dependency expressed through bean property 'sqlSessionFactory'; nested exception is org.springframework.beans.factory.BeanCreationException: Error creating bean with name 'sqlSessionFactory' defined in class path resource [tk/mybatis/mapper/autoconfigure/MapperAutoConfiguration.class]: Bean instantiation via factory method failed; nested exception is org.springframework.beans.BeanInstantiationException: Failed to instantiate [org.apache.ibatis.session.SqlSessionFactory]: Factory method 'sqlSessionFactory' threw exception; nested exception is org.springframework.core.NestedIOException: Failed to parse mapping resource: 'file [D:\zmall-workspace\omall\target\classes\mapper\UserMapper.xml]'; nested exception is org.apache.ibatis.builder.BuilderException: Error parsing Mapper XML. The XML location is 'file [D:\zmall-workspace\omall\target\classes\mapper\UserMapper.xml]'. Cause: org.apache.ibatis.builder.BuilderException: Error resolving class. Cause: org.apache.ibatis.type.TypeException: Could not resolve type alias 'com.txy.omall.model.User'.  Cause: java.lang.ClassNotFoundException: Cannot find class: com.txy.omall.model.User
2019-08-26 14:52:02 [restartedMain] WARN  tk.mybatis.spring.mapper.ClassPathMapperScanner -No MyBatis mapper was found in '[com.txy.omall]' package. Please check your configuration.
2019-08-26 14:52:03 [restartedMain] WARN  org.springframework.boot.web.servlet.context.AnnotationConfigServletWebServerApplicationContext -Exception encountered during context initialization - cancelling refresh attempt: org.springframework.beans.factory.UnsatisfiedDependencyException: Error creating bean with name 'goodsController': Unsatisfied dependency expressed through field 'goodsService'; nested exception is org.springframework.beans.factory.UnsatisfiedDependencyException: Error creating bean with name 'goodsImpl': Unsatisfied dependency expressed through field 'goodsMapper'; nested exception is org.springframework.beans.factory.UnsatisfiedDependencyException: Error creating bean with name 'goodsMapper' defined in file [D:\zmall-workspace\omall\target\classes\com\txy\omall\dao\GoodsMapper.class]: Unsatisfied dependency expressed through bean property 'sqlSessionFactory'; nested exception is org.springframework.beans.factory.BeanCreationException: Error creating bean with name 'sqlSessionFactory' defined in class path resource [tk/mybatis/mapper/autoconfigure/MapperAutoConfiguration.class]: Bean instantiation via factory method failed; nested exception is org.springframework.beans.BeanInstantiationException: Failed to instantiate [org.apache.ibatis.session.SqlSessionFactory]: Factory method 'sqlSessionFactory' threw exception; nested exception is org.springframework.core.NestedIOException: Failed to parse mapping resource: 'file [D:\zmall-workspace\omall\target\classes\mapper\UserMapper.xml]'; nested exception is org.apache.ibatis.builder.BuilderException: Error parsing Mapper XML. The XML location is 'file [D:\zmall-workspace\omall\target\classes\mapper\UserMapper.xml]'. Cause: org.apache.ibatis.builder.BuilderException: Error resolving class. Cause: org.apache.ibatis.type.TypeException: Could not resolve type alias 'com.txy.omall.model.User'.  Cause: java.lang.ClassNotFoundException: Cannot find class: com.txy.omall.model.User
2019-08-26 14:53:27 [restartedMain] WARN  tk.mybatis.spring.mapper.ClassPathMapperScanner -No MyBatis mapper was found in '[com.txy.omall]' package. Please check your configuration.
2019-08-26 14:53:29 [restartedMain] WARN  org.thymeleaf.templatemode.TemplateMode -[THYMELEAF][restartedMain] Template Mode 'LEGACYHTML5' is deprecated. Using Template Mode 'HTML' instead.
2019-08-26 15:01:12 [restartedMain] WARN  tk.mybatis.spring.mapper.ClassPathMapperScanner -No MyBatis mapper was found in '[com.txy.omall]' package. Please check your configuration.
2019-08-26 15:01:14 [restartedMain] WARN  org.thymeleaf.templatemode.TemplateMode -[THYMELEAF][restartedMain] Template Mode 'LEGACYHTML5' is deprecated. Using Template Mode 'HTML' instead.
2019-08-26 15:06:09 [restartedMain] WARN  tk.mybatis.spring.mapper.ClassPathMapperScanner -No MyBatis mapper was found in '[com.txy.omall]' package. Please check your configuration.
2019-08-26 15:06:11 [restartedMain] WARN  org.thymeleaf.templatemode.TemplateMode -[THYMELEAF][restartedMain] Template Mode 'LEGACYHTML5' is deprecated. Using Template Mode 'HTML' instead.
2019-08-26 16:21:25 [restartedMain] WARN  tk.mybatis.spring.mapper.ClassPathMapperScanner -No MyBatis mapper was found in '[com.txy.omall]' package. Please check your configuration.
2019-08-26 16:21:27 [restartedMain] WARN  org.thymeleaf.templatemode.TemplateMode -[THYMELEAF][restartedMain] Template Mode 'LEGACYHTML5' is deprecated. Using Template Mode 'HTML' instead.
