2019-08-27 08:02:39 [restartedMain] WARN  tk.mybatis.spring.mapper.ClassPathMapperScanner -No MyBatis mapper was found in '[com.txy.omall]' package. Please check your configuration.
2019-08-27 08:02:42 [restartedMain] WARN  org.thymeleaf.templatemode.TemplateMode -[THYMELEAF][restartedMain] Template Mode 'LEGACYHTML5' is deprecated. Using Template Mode 'HTML' instead.
2019-08-27 08:48:29 [restartedMain] WARN  tk.mybatis.spring.mapper.ClassPathMapperScanner -No MyBatis mapper was found in '[com.txy.omall]' package. Please check your configuration.
2019-08-27 08:48:30 [restartedMain] WARN  org.thymeleaf.templatemode.TemplateMode -[THYMELEAF][restartedMain] Template Mode 'LEGACYHTML5' is deprecated. Using Template Mode 'HTML' instead.
2019-08-27 08:53:00 [restartedMain] WARN  tk.mybatis.spring.mapper.ClassPathMapperScanner -No MyBatis mapper was found in '[com.txy.omall]' package. Please check your configuration.
2019-08-27 08:53:01 [restartedMain] WARN  org.springframework.boot.SpringApplication -Unable to close ApplicationContext
org.springframework.beans.factory.CannotLoadBeanClassException: Cannot find class [com.txy.omall.serviceImpl.CartImpl] for bean with name 'cartImpl' defined in file [D:\zmall-workspace\omall\target\classes\com\txy\omall\serviceImpl\CartImpl.class]; nested exception is java.lang.ClassNotFoundException: com.txy.omall.serviceImpl.CartImpl
	at org.springframework.beans.factory.support.AbstractBeanFactory.resolveBeanClass(AbstractBeanFactory.java:1392)
	at org.springframework.beans.factory.support.AbstractAutowireCapableBeanFactory.determineTargetType(AbstractAutowireCapableBeanFactory.java:680)
	at org.springframework.beans.factory.support.AbstractAutowireCapableBeanFactory.predictBeanType(AbstractAutowireCapableBeanFactory.java:647)
	at org.springframework.beans.factory.support.AbstractBeanFactory.isFactoryBean(AbstractBeanFactory.java:1518)
	at org.springframework.beans.factory.support.DefaultListableBeanFactory.doGetBeanNamesForType(DefaultListableBeanFactory.java:511)
	at org.springframework.beans.factory.support.DefaultListableBeanFactory.getBeanNamesForType(DefaultListableBeanFactory.java:481)
	at org.springframework.beans.factory.support.DefaultListableBeanFactory.getBeansOfType(DefaultListableBeanFactory.java:602)
	at org.springframework.beans.factory.support.DefaultListableBeanFactory.getBeansOfType(DefaultListableBeanFactory.java:594)
	at org.springframework.context.support.AbstractApplicationContext.getBeansOfType(AbstractApplicationContext.java:1226)
	at org.springframework.boot.SpringApplication.getExitCodeFromMappedException(SpringApplication.java:865)
	at org.springframework.boot.SpringApplication.getExitCodeFromException(SpringApplication.java:853)
	at org.springframework.boot.SpringApplication.handleExitCode(SpringApplication.java:840)
	at org.springframework.boot.SpringApplication.handleRunFailure(SpringApplication.java:791)
	at org.springframework.boot.SpringApplication.run(SpringApplication.java:322)
	at org.springframework.boot.SpringApplication.run(SpringApplication.java:1214)
	at org.springframework.boot.SpringApplication.run(SpringApplication.java:1203)
	at com.txy.omall.OmallApplication.main(OmallApplication.java:12)
	at sun.reflect.NativeMethodAccessorImpl.invoke0(Native Method)
	at sun.reflect.NativeMethodAccessorImpl.invoke(NativeMethodAccessorImpl.java:62)
	at sun.reflect.DelegatingMethodAccessorImpl.invoke(DelegatingMethodAccessorImpl.java:43)
	at java.lang.reflect.Method.invoke(Method.java:498)
	at org.springframework.boot.devtools.restart.RestartLauncher.run(RestartLauncher.java:49)
Caused by: java.lang.ClassNotFoundException: com.txy.omall.serviceImpl.CartImpl
	at java.net.URLClassLoader.findClass(URLClassLoader.java:382)
	at java.lang.ClassLoader.loadClass(ClassLoader.java:424)
	at sun.misc.Launcher$AppClassLoader.loadClass(Launcher.java:349)
	at java.lang.ClassLoader.loadClass(ClassLoader.java:357)
	at org.springframework.boot.devtools.restart.classloader.RestartClassLoader.loadClass(RestartClassLoader.java:144)
	at java.lang.ClassLoader.loadClass(ClassLoader.java:357)
	at java.lang.Class.forName0(Native Method)
	at java.lang.Class.forName(Class.java:348)
	at org.springframework.util.ClassUtils.forName(ClassUtils.java:275)
	at org.springframework.beans.factory.support.AbstractBeanDefinition.resolveBeanClass(AbstractBeanDefinition.java:444)
	at org.springframework.beans.factory.support.AbstractBeanFactory.doResolveBeanClass(AbstractBeanFactory.java:1457)
	at org.springframework.beans.factory.support.AbstractBeanFactory.resolveBeanClass(AbstractBeanFactory.java:1384)
	... 21 common frames omitted
2019-08-27 08:53:03 [restartedMain] WARN  tk.mybatis.spring.mapper.ClassPathMapperScanner -No MyBatis mapper was found in '[com.txy.omall]' package. Please check your configuration.
2019-08-27 08:53:04 [restartedMain] WARN  org.thymeleaf.templatemode.TemplateMode -[THYMELEAF][restartedMain] Template Mode 'LEGACYHTML5' is deprecated. Using Template Mode 'HTML' instead.
2019-08-27 09:02:55 [restartedMain] WARN  tk.mybatis.spring.mapper.ClassPathMapperScanner -No MyBatis mapper was found in '[com.txy.omall]' package. Please check your configuration.
2019-08-27 09:02:56 [restartedMain] WARN  org.thymeleaf.templatemode.TemplateMode -[THYMELEAF][restartedMain] Template Mode 'LEGACYHTML5' is deprecated. Using Template Mode 'HTML' instead.
2019-08-27 09:07:36 [restartedMain] WARN  tk.mybatis.spring.mapper.ClassPathMapperScanner -No MyBatis mapper was found in '[com.txy.omall]' package. Please check your configuration.
2019-08-27 09:07:37 [restartedMain] WARN  org.thymeleaf.templatemode.TemplateMode -[THYMELEAF][restartedMain] Template Mode 'LEGACYHTML5' is deprecated. Using Template Mode 'HTML' instead.
2019-08-27 09:07:40 [restartedMain] WARN  tk.mybatis.spring.mapper.ClassPathMapperScanner -No MyBatis mapper was found in '[com.txy.omall]' package. Please check your configuration.
2019-08-27 09:07:41 [restartedMain] WARN  org.thymeleaf.templatemode.TemplateMode -[THYMELEAF][restartedMain] Template Mode 'LEGACYHTML5' is deprecated. Using Template Mode 'HTML' instead.
2019-08-27 09:09:11 [restartedMain] WARN  tk.mybatis.spring.mapper.ClassPathMapperScanner -No MyBatis mapper was found in '[com.txy.omall]' package. Please check your configuration.
2019-08-27 09:09:12 [restartedMain] WARN  org.springframework.boot.web.servlet.context.AnnotationConfigServletWebServerApplicationContext -Exception encountered during context initialization - cancelling refresh attempt: org.springframework.beans.factory.UnsatisfiedDependencyException: Error creating bean with name 'cartController': Unsatisfied dependency expressed through field 'cartService'; nested exception is org.springframework.beans.factory.UnsatisfiedDependencyException: Error creating bean with name 'cartImpl': Unsatisfied dependency expressed through field 'cartItemMapper'; nested exception is org.springframework.beans.factory.UnsatisfiedDependencyException: Error creating bean with name 'cartItemMapper' defined in file [D:\zmall-workspace\omall\target\classes\com\txy\omall\dao\CartItemMapper.class]: Unsatisfied dependency expressed through bean property 'sqlSessionFactory'; nested exception is org.springframework.beans.factory.BeanCreationException: Error creating bean with name 'sqlSessionFactory' defined in class path resource [tk/mybatis/mapper/autoconfigure/MapperAutoConfiguration.class]: Bean instantiation via factory method failed; nested exception is org.springframework.beans.BeanInstantiationException: Failed to instantiate [org.apache.ibatis.session.SqlSessionFactory]: Factory method 'sqlSessionFactory' threw exception; nested exception is org.springframework.core.NestedIOException: Failed to parse mapping resource: 'file [D:\zmall-workspace\omall\target\classes\mapper\CartItemMapper.xml]'; nested exception is org.apache.ibatis.builder.BuilderException: Error creating document instance.  Cause: org.xml.sax.SAXParseException; lineNumber: 16; columnNumber: 51; Attribute "resultType" must be declared for element type "delete".
2019-08-27 09:09:16 [restartedMain] WARN  tk.mybatis.spring.mapper.ClassPathMapperScanner -No MyBatis mapper was found in '[com.txy.omall]' package. Please check your configuration.
2019-08-27 09:09:17 [restartedMain] WARN  org.thymeleaf.templatemode.TemplateMode -[THYMELEAF][restartedMain] Template Mode 'LEGACYHTML5' is deprecated. Using Template Mode 'HTML' instead.
2019-08-27 09:09:20 [restartedMain] WARN  tk.mybatis.spring.mapper.ClassPathMapperScanner -No MyBatis mapper was found in '[com.txy.omall]' package. Please check your configuration.
2019-08-27 09:09:22 [restartedMain] WARN  org.thymeleaf.templatemode.TemplateMode -[THYMELEAF][restartedMain] Template Mode 'LEGACYHTML5' is deprecated. Using Template Mode 'HTML' instead.
2019-08-27 09:09:32 [restartedMain] WARN  tk.mybatis.spring.mapper.ClassPathMapperScanner -No MyBatis mapper was found in '[com.txy.omall]' package. Please check your configuration.
2019-08-27 09:09:33 [restartedMain] WARN  org.thymeleaf.templatemode.TemplateMode -[THYMELEAF][restartedMain] Template Mode 'LEGACYHTML5' is deprecated. Using Template Mode 'HTML' instead.
2019-08-27 09:13:35 [restartedMain] WARN  tk.mybatis.spring.mapper.ClassPathMapperScanner -No MyBatis mapper was found in '[com.txy.omall]' package. Please check your configuration.
2019-08-27 09:13:38 [restartedMain] WARN  org.thymeleaf.templatemode.TemplateMode -[THYMELEAF][restartedMain] Template Mode 'LEGACYHTML5' is deprecated. Using Template Mode 'HTML' instead.
2019-08-27 09:18:22 [restartedMain] WARN  tk.mybatis.spring.mapper.ClassPathMapperScanner -No MyBatis mapper was found in '[com.txy.omall]' package. Please check your configuration.
2019-08-27 09:18:25 [restartedMain] WARN  org.thymeleaf.templatemode.TemplateMode -[THYMELEAF][restartedMain] Template Mode 'LEGACYHTML5' is deprecated. Using Template Mode 'HTML' instead.
2019-08-27 09:18:36 [restartedMain] WARN  tk.mybatis.spring.mapper.ClassPathMapperScanner -No MyBatis mapper was found in '[com.txy.omall]' package. Please check your configuration.
2019-08-27 09:18:39 [restartedMain] WARN  org.thymeleaf.templatemode.TemplateMode -[THYMELEAF][restartedMain] Template Mode 'LEGACYHTML5' is deprecated. Using Template Mode 'HTML' instead.
2019-08-27 09:19:52 [restartedMain] WARN  tk.mybatis.spring.mapper.ClassPathMapperScanner -No MyBatis mapper was found in '[com.txy.omall]' package. Please check your configuration.
2019-08-27 09:19:54 [restartedMain] WARN  org.thymeleaf.templatemode.TemplateMode -[THYMELEAF][restartedMain] Template Mode 'LEGACYHTML5' is deprecated. Using Template Mode 'HTML' instead.
2019-08-27 09:25:16 [restartedMain] WARN  tk.mybatis.spring.mapper.ClassPathMapperScanner -No MyBatis mapper was found in '[com.txy.omall]' package. Please check your configuration.
2019-08-27 09:25:17 [restartedMain] WARN  org.thymeleaf.templatemode.TemplateMode -[THYMELEAF][restartedMain] Template Mode 'LEGACYHTML5' is deprecated. Using Template Mode 'HTML' instead.
2019-08-27 09:26:04 [restartedMain] WARN  tk.mybatis.spring.mapper.ClassPathMapperScanner -No MyBatis mapper was found in '[com.txy.omall]' package. Please check your configuration.
2019-08-27 09:26:05 [restartedMain] WARN  org.thymeleaf.templatemode.TemplateMode -[THYMELEAF][restartedMain] Template Mode 'LEGACYHTML5' is deprecated. Using Template Mode 'HTML' instead.
2019-08-27 09:26:20 [restartedMain] WARN  tk.mybatis.spring.mapper.ClassPathMapperScanner -No MyBatis mapper was found in '[com.txy.omall]' package. Please check your configuration.
2019-08-27 09:26:23 [restartedMain] WARN  org.thymeleaf.templatemode.TemplateMode -[THYMELEAF][restartedMain] Template Mode 'LEGACYHTML5' is deprecated. Using Template Mode 'HTML' instead.
2019-08-27 09:28:10 [restartedMain] WARN  tk.mybatis.spring.mapper.ClassPathMapperScanner -No MyBatis mapper was found in '[com.txy.omall]' package. Please check your configuration.
2019-08-27 09:28:11 [restartedMain] WARN  org.thymeleaf.templatemode.TemplateMode -[THYMELEAF][restartedMain] Template Mode 'LEGACYHTML5' is deprecated. Using Template Mode 'HTML' instead.
2019-08-27 09:32:51 [restartedMain] WARN  tk.mybatis.spring.mapper.ClassPathMapperScanner -No MyBatis mapper was found in '[com.txy.omall]' package. Please check your configuration.
2019-08-27 09:32:53 [restartedMain] WARN  org.thymeleaf.templatemode.TemplateMode -[THYMELEAF][restartedMain] Template Mode 'LEGACYHTML5' is deprecated. Using Template Mode 'HTML' instead.
2019-08-27 09:38:24 [restartedMain] WARN  tk.mybatis.spring.mapper.ClassPathMapperScanner -No MyBatis mapper was found in '[com.txy.omall]' package. Please check your configuration.
2019-08-27 09:38:27 [restartedMain] WARN  org.thymeleaf.templatemode.TemplateMode -[THYMELEAF][restartedMain] Template Mode 'LEGACYHTML5' is deprecated. Using Template Mode 'HTML' instead.
2019-08-27 09:40:09 [restartedMain] WARN  tk.mybatis.spring.mapper.ClassPathMapperScanner -No MyBatis mapper was found in '[com.txy.omall]' package. Please check your configuration.
2019-08-27 09:40:12 [restartedMain] WARN  org.thymeleaf.templatemode.TemplateMode -[THYMELEAF][restartedMain] Template Mode 'LEGACYHTML5' is deprecated. Using Template Mode 'HTML' instead.
2019-08-27 10:59:19 [restartedMain] WARN  tk.mybatis.spring.mapper.ClassPathMapperScanner -No MyBatis mapper was found in '[com.txy.omall]' package. Please check your configuration.
2019-08-27 10:59:22 [restartedMain] WARN  org.thymeleaf.templatemode.TemplateMode -[THYMELEAF][restartedMain] Template Mode 'LEGACYHTML5' is deprecated. Using Template Mode 'HTML' instead.
2019-08-27 11:08:03 [restartedMain] WARN  tk.mybatis.spring.mapper.ClassPathMapperScanner -No MyBatis mapper was found in '[com.txy.omall]' package. Please check your configuration.
2019-08-27 11:08:06 [restartedMain] WARN  org.thymeleaf.templatemode.TemplateMode -[THYMELEAF][restartedMain] Template Mode 'LEGACYHTML5' is deprecated. Using Template Mode 'HTML' instead.
2019-08-27 11:48:12 [restartedMain] WARN  tk.mybatis.spring.mapper.ClassPathMapperScanner -No MyBatis mapper was found in '[com.txy.omall]' package. Please check your configuration.
2019-08-27 11:48:13 [restartedMain] WARN  org.thymeleaf.templatemode.TemplateMode -[THYMELEAF][restartedMain] Template Mode 'LEGACYHTML5' is deprecated. Using Template Mode 'HTML' instead.
2019-08-27 14:14:31 [restartedMain] WARN  tk.mybatis.spring.mapper.ClassPathMapperScanner -No MyBatis mapper was found in '[com.txy.omall]' package. Please check your configuration.
2019-08-27 14:14:33 [restartedMain] WARN  org.thymeleaf.templatemode.TemplateMode -[THYMELEAF][restartedMain] Template Mode 'LEGACYHTML5' is deprecated. Using Template Mode 'HTML' instead.
2019-08-27 14:52:54 [restartedMain] WARN  tk.mybatis.spring.mapper.ClassPathMapperScanner -No MyBatis mapper was found in '[com.txy.omall]' package. Please check your configuration.
2019-08-27 14:52:58 [restartedMain] WARN  org.thymeleaf.templatemode.TemplateMode -[THYMELEAF][restartedMain] Template Mode 'LEGACYHTML5' is deprecated. Using Template Mode 'HTML' instead.
2019-08-27 15:08:58 [restartedMain] WARN  tk.mybatis.spring.mapper.ClassPathMapperScanner -No MyBatis mapper was found in '[com.txy.omall]' package. Please check your configuration.
2019-08-27 15:09:00 [restartedMain] WARN  org.thymeleaf.templatemode.TemplateMode -[THYMELEAF][restartedMain] Template Mode 'LEGACYHTML5' is deprecated. Using Template Mode 'HTML' instead.
2019-08-27 15:10:34 [restartedMain] WARN  tk.mybatis.spring.mapper.ClassPathMapperScanner -No MyBatis mapper was found in '[com.txy.omall]' package. Please check your configuration.
2019-08-27 15:10:36 [restartedMain] WARN  org.thymeleaf.templatemode.TemplateMode -[THYMELEAF][restartedMain] Template Mode 'LEGACYHTML5' is deprecated. Using Template Mode 'HTML' instead.
2019-08-27 15:42:20 [restartedMain] WARN  tk.mybatis.spring.mapper.ClassPathMapperScanner -No MyBatis mapper was found in '[com.txy.omall]' package. Please check your configuration.
2019-08-27 15:42:22 [restartedMain] WARN  org.thymeleaf.templatemode.TemplateMode -[THYMELEAF][restartedMain] Template Mode 'LEGACYHTML5' is deprecated. Using Template Mode 'HTML' instead.
2019-08-27 15:47:08 [restartedMain] WARN  tk.mybatis.spring.mapper.ClassPathMapperScanner -No MyBatis mapper was found in '[com.txy.omall]' package. Please check your configuration.
2019-08-27 15:47:10 [restartedMain] WARN  org.thymeleaf.templatemode.TemplateMode -[THYMELEAF][restartedMain] Template Mode 'LEGACYHTML5' is deprecated. Using Template Mode 'HTML' instead.
