2019-10-24 18:20:41 [restartedMain] INFO  com.txy.omall.OmallApplication -Starting OmallApplication on LAPTOP-1UVQ9QUD with PID 13708 (D:\zmall-workspace\omall\target\classes started by 11586 in D:\zmall-workspace\omall)
2019-10-24 18:20:41 [restartedMain] INFO  com.txy.omall.OmallApplication -The following profiles are active: pro
2019-10-24 18:20:41 [restartedMain] INFO  org.springframework.boot.devtools.env.DevToolsPropertyDefaultsPostProcessor -Devtools property defaults active! Set 'spring.devtools.add-properties' to 'false' to disable
2019-10-24 18:20:41 [restartedMain] INFO  org.springframework.boot.devtools.env.DevToolsPropertyDefaultsPostProcessor -For additional web related logging consider setting the 'logging.level.web' property to 'DEBUG'
2019-10-24 18:20:46 [restartedMain] INFO  org.springframework.data.repository.config.RepositoryConfigurationDelegate -Multiple Spring Data modules found, entering strict repository configuration mode!
2019-10-24 18:20:46 [restartedMain] INFO  org.springframework.data.repository.config.RepositoryConfigurationDelegate -Bootstrapping Spring Data repositories in DEFAULT mode.
2019-10-24 18:20:46 [restartedMain] INFO  org.springframework.data.repository.config.RepositoryConfigurationDelegate -Finished Spring Data repository scanning in 174ms. Found 0 repository interfaces.
2019-10-24 18:20:49 [restartedMain] INFO  org.springframework.context.support.PostProcessorRegistrationDelegate$BeanPostProcessorChecker -Bean 'org.springframework.transaction.annotation.ProxyTransactionManagementConfiguration' of type [org.springframework.transaction.annotation.ProxyTransactionManagementConfiguration$$EnhancerBySpringCGLIB$$2aa40f42] is not eligible for getting processed by all BeanPostProcessors (for example: not eligible for auto-proxying)
2019-10-24 18:20:54 [restartedMain] INFO  org.springframework.boot.web.embedded.tomcat.TomcatWebServer -Tomcat initialized with port(s): 8080 (http)
2019-10-24 18:20:54 [restartedMain] INFO  org.apache.coyote.http11.Http11NioProtocol -Initializing ProtocolHandler ["http-nio-8080"]
2019-10-24 18:20:54 [restartedMain] INFO  org.apache.catalina.core.StandardService -Starting service [Tomcat]
2019-10-24 18:20:54 [restartedMain] INFO  org.apache.catalina.core.StandardEngine -Starting Servlet engine: [Apache Tomcat/9.0.22]
2019-10-24 18:20:55 [restartedMain] INFO  org.apache.catalina.core.ContainerBase.[Tomcat].[localhost].[/] -Initializing Spring embedded WebApplicationContext
2019-10-24 18:20:55 [restartedMain] INFO  org.springframework.web.context.ContextLoader -Root WebApplicationContext: initialization completed in 13225 ms
2019-10-24 18:20:55 [restartedMain] INFO  com.alibaba.druid.spring.boot.autoconfigure.DruidDataSourceAutoConfigure -Init DruidDataSource
2019-10-24 18:20:56 [restartedMain] INFO  com.alibaba.druid.pool.DruidDataSource -{dataSource-1} inited
2019-10-24 18:20:59 [restartedMain] INFO  org.springframework.scheduling.concurrent.ThreadPoolTaskExecutor -Initializing ExecutorService 'applicationTaskExecutor'
2019-10-24 18:20:59 [restartedMain] INFO  org.springframework.boot.autoconfigure.web.servlet.WelcomePageHandlerMapping -Adding welcome page template: index
2019-10-24 18:21:02 [restartedMain] INFO  org.springframework.boot.devtools.autoconfigure.OptionalLiveReloadServer -LiveReload server is running on port 35729
2019-10-24 18:21:02 [restartedMain] INFO  org.apache.coyote.http11.Http11NioProtocol -Starting ProtocolHandler ["http-nio-8080"]
2019-10-24 18:21:02 [restartedMain] INFO  org.springframework.boot.web.embedded.tomcat.TomcatWebServer -Tomcat started on port(s): 8080 (http) with context path ''
2019-10-24 18:21:02 [restartedMain] INFO  com.txy.omall.OmallApplication -Started OmallApplication in 23.852 seconds (JVM running for 30.002)
2019-10-24 18:21:17 [http-nio-8080-exec-1] INFO  org.apache.catalina.core.ContainerBase.[Tomcat].[localhost].[/] -Initializing Spring DispatcherServlet 'dispatcherServlet'
2019-10-24 18:21:17 [http-nio-8080-exec-1] INFO  org.springframework.web.servlet.DispatcherServlet -Initializing Servlet 'dispatcherServlet'
2019-10-24 18:21:17 [http-nio-8080-exec-1] INFO  org.springframework.web.servlet.DispatcherServlet -Completed initialization in 10 ms
2019-10-24 18:22:32 [Thread-55] INFO  org.springframework.scheduling.concurrent.ThreadPoolTaskExecutor -Shutting down ExecutorService 'applicationTaskExecutor'
2019-10-24 18:22:32 [Thread-55] INFO  com.alibaba.druid.pool.DruidDataSource -{dataSource-1} closed
2019-10-24 18:22:50 [restartedMain] INFO  com.txy.omall.OmallApplication -Starting OmallApplication on LAPTOP-1UVQ9QUD with PID 17284 (D:\zmall-workspace\omall\target\classes started by 11586 in D:\zmall-workspace\omall)
2019-10-24 18:22:50 [restartedMain] INFO  com.txy.omall.OmallApplication -The following profiles are active: pro
2019-10-24 18:22:50 [restartedMain] INFO  org.springframework.boot.devtools.env.DevToolsPropertyDefaultsPostProcessor -Devtools property defaults active! Set 'spring.devtools.add-properties' to 'false' to disable
2019-10-24 18:22:50 [restartedMain] INFO  org.springframework.boot.devtools.env.DevToolsPropertyDefaultsPostProcessor -For additional web related logging consider setting the 'logging.level.web' property to 'DEBUG'
2019-10-24 18:22:51 [restartedMain] INFO  org.springframework.data.repository.config.RepositoryConfigurationDelegate -Multiple Spring Data modules found, entering strict repository configuration mode!
2019-10-24 18:22:51 [restartedMain] INFO  org.springframework.data.repository.config.RepositoryConfigurationDelegate -Bootstrapping Spring Data repositories in DEFAULT mode.
2019-10-24 18:22:51 [restartedMain] INFO  org.springframework.data.repository.config.RepositoryConfigurationDelegate -Finished Spring Data repository scanning in 50ms. Found 0 repository interfaces.
2019-10-24 18:22:52 [restartedMain] INFO  org.springframework.context.support.PostProcessorRegistrationDelegate$BeanPostProcessorChecker -Bean 'org.springframework.transaction.annotation.ProxyTransactionManagementConfiguration' of type [org.springframework.transaction.annotation.ProxyTransactionManagementConfiguration$$EnhancerBySpringCGLIB$$1ccc2a5e] is not eligible for getting processed by all BeanPostProcessors (for example: not eligible for auto-proxying)
2019-10-24 18:22:53 [restartedMain] INFO  org.springframework.boot.web.embedded.tomcat.TomcatWebServer -Tomcat initialized with port(s): 8080 (http)
2019-10-24 18:22:53 [restartedMain] INFO  org.apache.coyote.http11.Http11NioProtocol -Initializing ProtocolHandler ["http-nio-8080"]
2019-10-24 18:22:53 [restartedMain] INFO  org.apache.catalina.core.StandardService -Starting service [Tomcat]
2019-10-24 18:22:53 [restartedMain] INFO  org.apache.catalina.core.StandardEngine -Starting Servlet engine: [Apache Tomcat/9.0.22]
2019-10-24 18:22:53 [restartedMain] INFO  org.apache.catalina.core.ContainerBase.[Tomcat].[localhost].[/] -Initializing Spring embedded WebApplicationContext
2019-10-24 18:22:53 [restartedMain] INFO  org.springframework.web.context.ContextLoader -Root WebApplicationContext: initialization completed in 3527 ms
2019-10-24 18:22:54 [restartedMain] INFO  com.alibaba.druid.spring.boot.autoconfigure.DruidDataSourceAutoConfigure -Init DruidDataSource
2019-10-24 18:22:54 [restartedMain] INFO  com.alibaba.druid.pool.DruidDataSource -{dataSource-1} inited
2019-10-24 18:22:55 [restartedMain] INFO  org.springframework.scheduling.concurrent.ThreadPoolTaskExecutor -Initializing ExecutorService 'applicationTaskExecutor'
2019-10-24 18:22:55 [restartedMain] INFO  org.springframework.boot.autoconfigure.web.servlet.WelcomePageHandlerMapping -Adding welcome page template: index
2019-10-24 18:22:56 [restartedMain] INFO  org.springframework.boot.devtools.autoconfigure.OptionalLiveReloadServer -LiveReload server is running on port 35729
2019-10-24 18:22:57 [restartedMain] INFO  org.apache.coyote.http11.Http11NioProtocol -Starting ProtocolHandler ["http-nio-8080"]
2019-10-24 18:22:57 [restartedMain] INFO  org.springframework.boot.web.embedded.tomcat.TomcatWebServer -Tomcat started on port(s): 8080 (http) with context path ''
2019-10-24 18:22:57 [restartedMain] INFO  com.txy.omall.OmallApplication -Started OmallApplication in 7.882 seconds (JVM running for 10.752)
2019-10-24 18:23:06 [http-nio-8080-exec-1] INFO  org.apache.catalina.core.ContainerBase.[Tomcat].[localhost].[/] -Initializing Spring DispatcherServlet 'dispatcherServlet'
2019-10-24 18:23:06 [http-nio-8080-exec-1] INFO  org.springframework.web.servlet.DispatcherServlet -Initializing Servlet 'dispatcherServlet'
2019-10-24 18:23:06 [http-nio-8080-exec-1] INFO  org.springframework.web.servlet.DispatcherServlet -Completed initialization in 8 ms
