2019-08-28 08:33:32 [restartedMain] WARN  tk.mybatis.spring.mapper.ClassPathMapperScanner -No MyBatis mapper was found in '[com.txy.omall]' package. Please check your configuration.
2019-08-28 08:33:35 [restartedMain] WARN  org.thymeleaf.templatemode.TemplateMode -[THYMELEAF][restartedMain] Template Mode 'LEGACYHTML5' is deprecated. Using Template Mode 'HTML' instead.
2019-08-28 09:41:08 [restartedMain] WARN  tk.mybatis.spring.mapper.ClassPathMapperScanner -No MyBatis mapper was found in '[com.txy.omall]' package. Please check your configuration.
2019-08-28 09:41:09 [restartedMain] WARN  org.thymeleaf.templatemode.TemplateMode -[THYMELEAF][restartedMain] Template Mode 'LEGACYHTML5' is deprecated. Using Template Mode 'HTML' instead.
2019-08-28 09:45:58 [restartedMain] WARN  tk.mybatis.spring.mapper.ClassPathMapperScanner -No MyBatis mapper was found in '[com.txy.omall]' package. Please check your configuration.
2019-08-28 09:45:59 [restartedMain] WARN  org.thymeleaf.templatemode.TemplateMode -[THYMELEAF][restartedMain] Template Mode 'LEGACYHTML5' is deprecated. Using Template Mode 'HTML' instead.
2019-08-28 09:48:23 [restartedMain] WARN  org.springframework.boot.web.servlet.context.AnnotationConfigServletWebServerApplicationContext -Exception encountered during context initialization - cancelling refresh attempt: org.springframework.beans.factory.BeanDefinitionStoreException: Failed to parse configuration class [com.txy.omall.OmallApplication]; nested exception is java.io.FileNotFoundException: class path resource [com/txy/omall/service/IGoods.class] cannot be opened because it does not exist
2019-08-28 09:51:09 [restartedMain] WARN  tk.mybatis.spring.mapper.ClassPathMapperScanner -No MyBatis mapper was found in '[com.txy.omall]' package. Please check your configuration.
2019-08-28 09:51:09 [restartedMain] WARN  org.springframework.boot.web.servlet.context.AnnotationConfigServletWebServerApplicationContext -Exception encountered during context initialization - cancelling refresh attempt: org.springframework.beans.factory.UnsatisfiedDependencyException: Error creating bean with name 'goodsController': Unsatisfied dependency expressed through field 'goodsService'; nested exception is org.springframework.beans.factory.NoSuchBeanDefinitionException: No qualifying bean of type 'com.txy.omall.service.IGoods' available: expected at least 1 bean which qualifies as autowire candidate. Dependency annotations: {@org.springframework.beans.factory.annotation.Autowired(required=true)}
2019-08-28 09:53:02 [restartedMain] WARN  tk.mybatis.spring.mapper.ClassPathMapperScanner -No MyBatis mapper was found in '[com.txy.omall]' package. Please check your configuration.
2019-08-28 09:53:05 [restartedMain] WARN  org.thymeleaf.templatemode.TemplateMode -[THYMELEAF][restartedMain] Template Mode 'LEGACYHTML5' is deprecated. Using Template Mode 'HTML' instead.
2019-08-28 09:53:09 [restartedMain] WARN  tk.mybatis.spring.mapper.ClassPathMapperScanner -No MyBatis mapper was found in '[com.txy.omall]' package. Please check your configuration.
2019-08-28 09:53:09 [restartedMain] WARN  org.thymeleaf.templatemode.TemplateMode -[THYMELEAF][restartedMain] Template Mode 'LEGACYHTML5' is deprecated. Using Template Mode 'HTML' instead.
2019-08-28 09:59:05 [restartedMain] WARN  tk.mybatis.spring.mapper.ClassPathMapperScanner -No MyBatis mapper was found in '[com.txy.omall]' package. Please check your configuration.
2019-08-28 09:59:07 [restartedMain] WARN  org.thymeleaf.templatemode.TemplateMode -[THYMELEAF][restartedMain] Template Mode 'LEGACYHTML5' is deprecated. Using Template Mode 'HTML' instead.
2019-08-28 10:38:31 [restartedMain] WARN  tk.mybatis.spring.mapper.ClassPathMapperScanner -No MyBatis mapper was found in '[com.txy.omall]' package. Please check your configuration.
2019-08-28 10:38:34 [restartedMain] WARN  org.thymeleaf.templatemode.TemplateMode -[THYMELEAF][restartedMain] Template Mode 'LEGACYHTML5' is deprecated. Using Template Mode 'HTML' instead.
2019-08-28 10:41:39 [http-nio-8080-exec-3] WARN  org.springframework.web.servlet.mvc.support.DefaultHandlerExceptionResolver -Resolved [org.springframework.web.HttpRequestMethodNotSupportedException: Request method 'POST' not supported]
2019-08-28 10:43:44 [http-nio-8080-exec-5] WARN  org.springframework.web.servlet.mvc.support.DefaultHandlerExceptionResolver -Resolved [org.springframework.web.HttpRequestMethodNotSupportedException: Request method 'POST' not supported]
2019-08-28 10:43:44 [http-nio-8080-exec-2] WARN  org.springframework.web.servlet.mvc.support.DefaultHandlerExceptionResolver -Resolved [org.springframework.web.HttpRequestMethodNotSupportedException: Request method 'POST' not supported]
2019-08-28 10:51:00 [http-nio-8080-exec-7] WARN  org.springframework.web.servlet.mvc.support.DefaultHandlerExceptionResolver -Resolved [org.springframework.web.HttpRequestMethodNotSupportedException: Request method 'POST' not supported]
2019-08-28 10:51:16 [http-nio-8080-exec-5] WARN  org.springframework.web.servlet.mvc.support.DefaultHandlerExceptionResolver -Resolved [org.springframework.web.HttpRequestMethodNotSupportedException: Request method 'POST' not supported]
2019-08-28 10:51:33 [http-nio-8080-exec-10] WARN  org.springframework.web.servlet.mvc.support.DefaultHandlerExceptionResolver -Resolved [org.springframework.web.HttpRequestMethodNotSupportedException: Request method 'POST' not supported]
2019-08-28 10:52:04 [http-nio-8080-exec-6] WARN  org.springframework.web.servlet.mvc.support.DefaultHandlerExceptionResolver -Resolved [org.springframework.web.HttpRequestMethodNotSupportedException: Request method 'POST' not supported]
2019-08-28 10:52:16 [http-nio-8080-exec-6] WARN  org.springframework.web.servlet.mvc.support.DefaultHandlerExceptionResolver -Resolved [org.springframework.web.HttpRequestMethodNotSupportedException: Request method 'POST' not supported]
2019-08-28 10:52:59 [http-nio-8080-exec-8] WARN  org.springframework.web.servlet.mvc.support.DefaultHandlerExceptionResolver -Resolved [org.springframework.web.HttpRequestMethodNotSupportedException: Request method 'POST' not supported]
2019-08-28 10:53:10 [http-nio-8080-exec-3] WARN  org.springframework.web.servlet.mvc.support.DefaultHandlerExceptionResolver -Resolved [org.springframework.web.HttpRequestMethodNotSupportedException: Request method 'POST' not supported]
2019-08-28 10:55:35 [restartedMain] WARN  tk.mybatis.spring.mapper.ClassPathMapperScanner -No MyBatis mapper was found in '[com.txy.omall]' package. Please check your configuration.
2019-08-28 10:55:37 [restartedMain] WARN  org.thymeleaf.templatemode.TemplateMode -[THYMELEAF][restartedMain] Template Mode 'LEGACYHTML5' is deprecated. Using Template Mode 'HTML' instead.
2019-08-28 10:55:54 [http-nio-8080-exec-4] WARN  org.springframework.web.servlet.mvc.support.DefaultHandlerExceptionResolver -Resolved [org.springframework.web.HttpRequestMethodNotSupportedException: Request method 'POST' not supported]
2019-08-28 11:11:01 [restartedMain] WARN  tk.mybatis.spring.mapper.ClassPathMapperScanner -No MyBatis mapper was found in '[com.txy.omall]' package. Please check your configuration.
2019-08-28 11:11:02 [restartedMain] WARN  org.springframework.boot.web.servlet.context.AnnotationConfigServletWebServerApplicationContext -Exception encountered during context initialization - cancelling refresh attempt: org.springframework.beans.factory.BeanCreationException: Error creating bean with name 'cartController' defined in file [D:\zmall-workspace\omall\target\classes\com\txy\omall\controller\CartController.class]: Post-processing of merged bean definition failed; nested exception is java.lang.IllegalStateException: Failed to introspect Class [com.txy.omall.controller.CartController] from ClassLoader [org.springframework.boot.devtools.restart.classloader.RestartClassLoader@3d851871]
2019-08-28 11:11:04 [restartedMain] WARN  tk.mybatis.spring.mapper.ClassPathMapperScanner -No MyBatis mapper was found in '[com.txy.omall]' package. Please check your configuration.
2019-08-28 11:11:05 [restartedMain] WARN  org.thymeleaf.templatemode.TemplateMode -[THYMELEAF][restartedMain] Template Mode 'LEGACYHTML5' is deprecated. Using Template Mode 'HTML' instead.
2019-08-28 14:07:09 [restartedMain] WARN  tk.mybatis.spring.mapper.ClassPathMapperScanner -No MyBatis mapper was found in '[com.txy.omall]' package. Please check your configuration.
2019-08-28 14:07:13 [restartedMain] WARN  org.thymeleaf.templatemode.TemplateMode -[THYMELEAF][restartedMain] Template Mode 'LEGACYHTML5' is deprecated. Using Template Mode 'HTML' instead.
2019-08-28 14:08:01 [http-nio-8080-exec-3] WARN  org.springframework.web.servlet.mvc.support.DefaultHandlerExceptionResolver -Resolved [org.springframework.web.HttpRequestMethodNotSupportedException: Request method 'POST' not supported]
2019-08-28 14:09:07 [restartedMain] WARN  tk.mybatis.spring.mapper.ClassPathMapperScanner -No MyBatis mapper was found in '[com.txy.omall]' package. Please check your configuration.
2019-08-28 14:09:09 [restartedMain] WARN  org.thymeleaf.templatemode.TemplateMode -[THYMELEAF][restartedMain] Template Mode 'LEGACYHTML5' is deprecated. Using Template Mode 'HTML' instead.
2019-08-28 14:09:24 [http-nio-8080-exec-3] WARN  org.springframework.web.servlet.mvc.support.DefaultHandlerExceptionResolver -Resolved [org.springframework.web.HttpRequestMethodNotSupportedException: Request method 'POST' not supported]
2019-08-28 14:10:41 [http-nio-8080-exec-5] WARN  org.springframework.web.servlet.mvc.support.DefaultHandlerExceptionResolver -Resolved [org.springframework.web.HttpRequestMethodNotSupportedException: Request method 'POST' not supported]
2019-08-28 14:12:08 [http-nio-8080-exec-9] WARN  org.springframework.web.servlet.mvc.support.DefaultHandlerExceptionResolver -Resolved [org.springframework.web.HttpRequestMethodNotSupportedException: Request method 'POST' not supported]
2019-08-28 14:12:24 [http-nio-8080-exec-5] WARN  org.springframework.web.servlet.mvc.support.DefaultHandlerExceptionResolver -Resolved [org.springframework.web.HttpRequestMethodNotSupportedException: Request method 'POST' not supported]
2019-08-28 14:14:45 [restartedMain] WARN  tk.mybatis.spring.mapper.ClassPathMapperScanner -No MyBatis mapper was found in '[com.txy.omall]' package. Please check your configuration.
2019-08-28 14:14:47 [restartedMain] WARN  org.thymeleaf.templatemode.TemplateMode -[THYMELEAF][restartedMain] Template Mode 'LEGACYHTML5' is deprecated. Using Template Mode 'HTML' instead.
2019-08-28 14:15:20 [http-nio-8080-exec-5] WARN  org.springframework.web.servlet.mvc.support.DefaultHandlerExceptionResolver -Resolved [org.springframework.web.HttpRequestMethodNotSupportedException: Request method 'POST' not supported]
2019-08-28 14:22:13 [http-nio-8080-exec-2] WARN  org.springframework.web.servlet.mvc.support.DefaultHandlerExceptionResolver -Resolved [org.springframework.web.HttpRequestMethodNotSupportedException: Request method 'POST' not supported]
2019-08-28 14:27:05 [http-nio-8080-exec-8] WARN  org.springframework.web.servlet.mvc.support.DefaultHandlerExceptionResolver -Resolved [org.springframework.web.HttpRequestMethodNotSupportedException: Request method 'POST' not supported]
2019-08-28 14:31:25 [restartedMain] WARN  tk.mybatis.spring.mapper.ClassPathMapperScanner -No MyBatis mapper was found in '[com.txy.omall]' package. Please check your configuration.
2019-08-28 14:31:26 [restartedMain] WARN  org.thymeleaf.templatemode.TemplateMode -[THYMELEAF][restartedMain] Template Mode 'LEGACYHTML5' is deprecated. Using Template Mode 'HTML' instead.
2019-08-28 14:32:06 [restartedMain] WARN  tk.mybatis.spring.mapper.ClassPathMapperScanner -No MyBatis mapper was found in '[com.txy.omall]' package. Please check your configuration.
2019-08-28 14:32:10 [restartedMain] WARN  org.thymeleaf.templatemode.TemplateMode -[THYMELEAF][restartedMain] Template Mode 'LEGACYHTML5' is deprecated. Using Template Mode 'HTML' instead.
2019-08-28 14:33:04 [http-nio-8080-exec-10] WARN  org.springframework.web.servlet.mvc.support.DefaultHandlerExceptionResolver -Resolved [org.springframework.web.HttpRequestMethodNotSupportedException: Request method 'POST' not supported]
2019-08-28 14:34:40 [http-nio-8080-exec-3] WARN  org.springframework.web.servlet.mvc.support.DefaultHandlerExceptionResolver -Resolved [org.springframework.web.HttpRequestMethodNotSupportedException: Request method 'POST' not supported]
2019-08-28 14:37:24 [restartedMain] WARN  tk.mybatis.spring.mapper.ClassPathMapperScanner -No MyBatis mapper was found in '[com.txy.omall]' package. Please check your configuration.
2019-08-28 14:39:34 [restartedMain] WARN  org.thymeleaf.templatemode.TemplateMode -[THYMELEAF][restartedMain] Template Mode 'LEGACYHTML5' is deprecated. Using Template Mode 'HTML' instead.
2019-08-28 14:39:46 [restartedMain] WARN  tk.mybatis.spring.mapper.ClassPathMapperScanner -No MyBatis mapper was found in '[com.txy.omall]' package. Please check your configuration.
2019-08-28 14:42:06 [restartedMain] WARN  tk.mybatis.spring.mapper.ClassPathMapperScanner -No MyBatis mapper was found in '[com.txy.omall]' package. Please check your configuration.
2019-08-28 14:43:26 [restartedMain] WARN  tk.mybatis.spring.mapper.ClassPathMapperScanner -No MyBatis mapper was found in '[com.txy.omall]' package. Please check your configuration.
2019-08-28 14:43:28 [restartedMain] WARN  org.thymeleaf.templatemode.TemplateMode -[THYMELEAF][restartedMain] Template Mode 'LEGACYHTML5' is deprecated. Using Template Mode 'HTML' instead.
2019-08-28 14:43:53 [http-nio-8080-exec-2] WARN  org.springframework.web.servlet.mvc.support.DefaultHandlerExceptionResolver -Resolved [org.springframework.web.HttpRequestMethodNotSupportedException: Request method 'POST' not supported]
2019-08-28 14:46:44 [http-nio-8080-exec-7] WARN  org.springframework.web.servlet.mvc.support.DefaultHandlerExceptionResolver -Resolved [org.springframework.web.HttpRequestMethodNotSupportedException: Request method 'POST' not supported]
2019-08-28 14:46:50 [http-nio-8080-exec-10] WARN  org.springframework.web.servlet.mvc.support.DefaultHandlerExceptionResolver -Resolved [org.springframework.web.HttpRequestMethodNotSupportedException: Request method 'POST' not supported]
2019-08-28 14:47:15 [http-nio-8080-exec-3] WARN  org.springframework.web.servlet.mvc.support.DefaultHandlerExceptionResolver -Resolved [org.springframework.web.HttpRequestMethodNotSupportedException: Request method 'POST' not supported]
2019-08-28 14:47:28 [http-nio-8080-exec-9] WARN  org.springframework.web.servlet.mvc.support.DefaultHandlerExceptionResolver -Resolved [org.springframework.web.HttpRequestMethodNotSupportedException: Request method 'POST' not supported]
2019-08-28 14:49:13 [restartedMain] WARN  tk.mybatis.spring.mapper.ClassPathMapperScanner -No MyBatis mapper was found in '[com.txy.omall]' package. Please check your configuration.
2019-08-28 14:49:15 [restartedMain] WARN  org.thymeleaf.templatemode.TemplateMode -[THYMELEAF][restartedMain] Template Mode 'LEGACYHTML5' is deprecated. Using Template Mode 'HTML' instead.
2019-08-28 14:49:24 [http-nio-8080-exec-3] WARN  org.springframework.web.servlet.mvc.support.DefaultHandlerExceptionResolver -Resolved [org.springframework.web.HttpRequestMethodNotSupportedException: Request method 'POST' not supported]
2019-08-28 14:49:38 [http-nio-8080-exec-7] WARN  org.springframework.web.servlet.mvc.support.DefaultHandlerExceptionResolver -Resolved [org.springframework.web.HttpRequestMethodNotSupportedException: Request method 'POST' not supported]
2019-08-28 14:50:49 [http-nio-8080-exec-10] WARN  org.springframework.web.servlet.mvc.support.DefaultHandlerExceptionResolver -Resolved [org.springframework.web.HttpRequestMethodNotSupportedException: Request method 'POST' not supported]
2019-08-28 14:52:00 [http-nio-8080-exec-9] WARN  org.springframework.web.servlet.mvc.support.DefaultHandlerExceptionResolver -Resolved [org.springframework.web.HttpRequestMethodNotSupportedException: Request method 'POST' not supported]
2019-08-28 14:52:23 [restartedMain] WARN  tk.mybatis.spring.mapper.ClassPathMapperScanner -No MyBatis mapper was found in '[com.txy.omall]' package. Please check your configuration.
2019-08-28 14:52:27 [restartedMain] WARN  org.thymeleaf.templatemode.TemplateMode -[THYMELEAF][restartedMain] Template Mode 'LEGACYHTML5' is deprecated. Using Template Mode 'HTML' instead.
2019-08-28 14:52:34 [http-nio-8080-exec-2] WARN  org.springframework.web.servlet.mvc.support.DefaultHandlerExceptionResolver -Resolved [org.springframework.web.HttpRequestMethodNotSupportedException: Request method 'POST' not supported]
2019-08-28 14:55:54 [http-nio-8080-exec-3] WARN  org.springframework.web.servlet.mvc.support.DefaultHandlerExceptionResolver -Resolved [org.springframework.web.HttpRequestMethodNotSupportedException: Request method 'POST' not supported]
2019-08-28 14:56:07 [http-nio-8080-exec-2] WARN  org.springframework.web.servlet.mvc.support.DefaultHandlerExceptionResolver -Resolved [org.springframework.web.HttpRequestMethodNotSupportedException: Request method 'POST' not supported]
2019-08-28 14:56:18 [http-nio-8080-exec-3] WARN  org.springframework.web.servlet.mvc.support.DefaultHandlerExceptionResolver -Resolved [org.springframework.web.HttpRequestMethodNotSupportedException: Request method 'POST' not supported]
2019-08-28 14:56:30 [http-nio-8080-exec-3] WARN  org.springframework.web.servlet.mvc.support.DefaultHandlerExceptionResolver -Resolved [org.springframework.web.HttpRequestMethodNotSupportedException: Request method 'POST' not supported]
2019-08-28 15:53:38 [http-nio-8080-exec-1] WARN  org.springframework.web.servlet.mvc.support.DefaultHandlerExceptionResolver -Resolved [org.springframework.web.HttpRequestMethodNotSupportedException: Request method 'POST' not supported]
2019-08-28 15:53:42 [http-nio-8080-exec-10] WARN  org.springframework.web.servlet.mvc.support.DefaultHandlerExceptionResolver -Resolved [org.springframework.web.HttpRequestMethodNotSupportedException: Request method 'POST' not supported]
2019-08-28 15:55:18 [http-nio-8080-exec-7] WARN  org.springframework.web.servlet.mvc.support.DefaultHandlerExceptionResolver -Resolved [org.springframework.web.HttpRequestMethodNotSupportedException: Request method 'POST' not supported]
2019-08-28 15:55:22 [http-nio-8080-exec-4] WARN  org.springframework.web.servlet.mvc.support.DefaultHandlerExceptionResolver -Resolved [org.springframework.web.HttpRequestMethodNotSupportedException: Request method 'POST' not supported]
2019-08-28 15:55:27 [http-nio-8080-exec-7] WARN  org.springframework.web.servlet.mvc.support.DefaultHandlerExceptionResolver -Resolved [org.springframework.web.HttpRequestMethodNotSupportedException: Request method 'POST' not supported]
2019-08-28 15:55:38 [http-nio-8080-exec-3] WARN  org.springframework.web.servlet.mvc.support.DefaultHandlerExceptionResolver -Resolved [org.springframework.web.HttpRequestMethodNotSupportedException: Request method 'POST' not supported]
